<?xml version="1.0" encoding="UTF-8"?>
<testng-results skipped="0" failed="0" total="1" passed="1">
  <reporter-output>
  </reporter-output>
  <suite name="Default suite" duration-ms="1370" started-at="2021-05-01T19:03:28Z" finished-at="2021-05-01T19:03:29Z">
    <groups>
    </groups>
    <test name="Default test" duration-ms="1370" started-at="2021-05-01T19:03:28Z" finished-at="2021-05-01T19:03:29Z">
      <class name="com.shoaib.tests.TestOnLocalAPI">
        <test-method status="PASS" signature="delete()[pri:0, instance:com.shoaib.tests.TestOnLocalAPI@16c0663d]" name="delete" duration-ms="1361" started-at="2021-05-02T00:33:28Z" finished-at="2021-05-02T00:33:29Z">
          <reporter-output>
          </reporter-output>
        </test-method> <!-- delete -->
      </class> <!-- com.shoaib.tests.TestOnLocalAPI -->
    </test> <!-- Default test -->
  </suite> <!-- Default suite -->
</testng-results>
