<?xml version="1.0" encoding="UTF-8"?>
<!-- Generated by org.testng.reporters.JUnitXMLReporter -->
<testsuite hostname="DESKTOP-OJD6TFS" name="Default test" tests="3" failures="0" timestamp="1 May 2021 15:25:53 GMT" time="6.446" errors="0">
  <testcase name="putExample" time="3.166" classname="com.shoaib.tests.PutPatchDeleteExample"/>
  <testcase name="patchExample" time="1.635" classname="com.shoaib.tests.PutPatchDeleteExample"/>
  <testcase name="deleteExample" time="1.635" classname="com.shoaib.tests.PutPatchDeleteExample"/>
</testsuite> <!-- Default test -->
